1 : 0.96,0.002,0.042,0.002
2 : 0.558,0.003,0.078,0.002
4 : 0.191,0.003,0.015,0.002
8 : 0.169,0.005,0.012,0.003
16 : 0.193,0.013,0.014,0.007
32 : 0.223,0.028,0.035,0.013
64 : 0.341,0.062,0.062,0.024
128 : 0.312,0.13,0.119,0.046
256 : 0.471,0.313,0.131,0.095
512 : 0.817,1.011,0.469,0.271
1024 : 1.1,1.256,0.337,0.417
2048 : 2,2.617,0.624,0.911
4096 : 4.043,5.559,1.664,1.993
8192 : 9.766,9.889,2.381,4.084
16384 : 21.198,24.088,4.948,7.884
32768 : 40.131,46.038,10.338,18.562
65536 : 76.53,93.011,23.406,36.157
131072 : 164.03,192.05,48.325,75.568
262144 : 330.009,396.653,104.733,162.354
524288 : 679.269,825.998,217.172,352.56
1048576 : 1424.83,1720.35,447.333,730.149
2097152 : 3033.51,3586.48,963.942,1612.89
4194304 : 6223.93,7482.98,1966.88,3275.93
8388608 : 12855.1,15564.4,4135.79,6943.45

1 : 0.974,0,0.01,0.001
2 : 0.181,0.001,0.025,0.002
4 : 0.45,0.003,0.016,0.003
8 : 0.202,0.006,0.015,0.005
16 : 0.311,0.014,0.019,0.007
32 : 0.211,0.034,0.034,0.013
64 : 0.35,0.092,0.087,0.027
128 : 0.276,0.13,0.082,0.044
256 : 0.375,0.298,0.155,0.129
512 : 0.617,0.598,0.211,0.197
1024 : 1.416,1.894,0.45,0.522
2048 : 2.288,2.76,0.646,0.942
4096 : 3.821,5.184,1.138,1.797
8192 : 12.43,10.656,2.333,3.843
16384 : 18.754,21.565,6.848,8.88
32768 : 37.843,45.562,10.176,17.759
65536 : 80.629,92.38,22.566,36.052
131072 : 164.432,190.701,50.065,75.479
262144 : 330.893,395.059,109.755,181.914
524288 : 738.819,828.289,245.179,356.178
1048576 : 1445.22,1727.71,466.226,755.005
2097152 : 2944.52,3583.64,971.56,1545.14
4194304 : 6138.77,7411.91,2010.48,3266.5
8388608 : 13300.7,15740.8,4118.26,6967.78
